<?xml version="1.0" encoding="UTF-8"?>
<!-- Generated by org.testng.reporters.JUnitXMLReporter -->
<testsuite hostname="dinesh" ignored="0" name="Test" tests="3" failures="1" timestamp="10 Mar 2018 04:56:11 GMT" time="26.753" errors="0">
  <testcase name="test_Home_Page_Appear_Correct" time="2.148" classname="test.Test99GuruLogin"/>
  <testcase name="test_Home_Page_Appear_Correct" time="2.236" classname="test.Test99GuruLoginWithPageFactory"/>
  <testcase name="test_Home_Page_Appear_Correct" time="7.631" classname="test.NoPOMTest99GuruLogin">
    <failure type="java.lang.AssertionError" message="expected [true] but found [false]">
      <![CDATA[java.lang.AssertionError: expected [true] but found [false]
at test.NoPOMTest99GuruLogin.test_Home_Page_Appear_Correct(NoPOMTest99GuruLogin.java:33)
... Removed 29 stack frames]]>
    </failure>
  </testcase> <!-- test_Home_Page_Appear_Correct -->
</testsuite> <!-- Test -->
