<?xml version="1.0" encoding="UTF-8"?>
<!-- Generated by org.testng.reporters.JUnitXMLReporter -->
<testsuite hostname="dinesh" ignored="1" name="Default test" tests="4" failures="0" timestamp="13 Mar 2018 10:59:24 GMT" time="86.588" errors="0">
  <testcase name="invalid" time="18.784" classname="sample.InvalidLogin"/>
  <testcase name="invalid" time="24.55" classname="sample.InvalidLogin"/>
  <testcase name="valid" time="18.167" classname="sample.InvalidLogin"/>
  <testcase name="valid" time="24.604" classname="sample.InvalidLogin"/>
  <testcase name="@AfterTest closeApplication" time="0.0" classname="sample.BaseClass">
    <ignored/>
  </testcase> <!-- @AfterTest closeApplication -->
</testsuite> <!-- Default test -->
