<?xml version="1.0" encoding="UTF-8"?>
<testng-results skipped="0" failed="0" ignored="0" total="1" passed="1">
  <reporter-output>
  </reporter-output>
  <suite name="Default suite" duration-ms="3066" started-at="2017-12-11T08:13:14Z" finished-at="2017-12-11T08:13:18Z">
    <groups>
    </groups>
    <test name="Default test" duration-ms="3066" started-at="2017-12-11T08:13:14Z" finished-at="2017-12-11T08:13:18Z">
      <class name="rest.Rest">
        <test-method status="PASS" signature="DisplayAllNodesInWeatherAPI()[pri:0, instance:rest.Rest@4f933fd1]" name="DisplayAllNodesInWeatherAPI" duration-ms="3046" started-at="2017-12-11T13:43:14Z" finished-at="2017-12-11T13:43:18Z">
          <reporter-output>
          </reporter-output>
        </test-method> <!-- DisplayAllNodesInWeatherAPI -->
      </class> <!-- rest.Rest -->
    </test> <!-- Default test -->
  </suite> <!-- Default suite -->
</testng-results>
