<?xml version="1.0" encoding="UTF-8"?>
<!-- Generated by org.testng.reporters.JUnitXMLReporter -->
<testsuite hostname="localhost.localdomain" ignored="0" name="Test" tests="2" failures="1" timestamp="24 Jan 2018 10:07:05 GMT" time="16.61" errors="0">
  <testcase name="beforeClass" time="14.493" classname="test.Wizard"/>
  <testcase name="beforeClass" time="2.085" classname="test.NewTest">
    <failure type="org.openqa.selenium.InvalidArgumentException" message="Malformed URL: baseurl is not a valid URL.
Build info: version: &amp;apos;3.8.0&amp;apos;, revision: &amp;apos;924c4067df&amp;apos;, time: &amp;apos;2017-11-30T11:37:19.049Z&amp;apos;
System info: host: &amp;apos;localhost.localdomain&amp;apos;, ip: &amp;apos;127.0.0.1&amp;apos;, os.name: &amp;apos;Linux&amp;apos;, os.arch: &amp;apos;amd64&amp;apos;, os.version: &amp;apos;4.13.12-200.fc26.x86_64&amp;apos;, java.version: &amp;apos;1.8.0_151&amp;apos;
Driver info: org.openqa.selenium.firefox.FirefoxDriver
Capabilities {acceptInsecureCerts: true, browserName: firefox, browserVersion: 56.0, javascriptEnabled: true, moz:accessibilityChecks: false, moz:headless: false, moz:processID: 17965, moz:profile: /tmp/rust_mozprofile.kXSRN0..., pageLoadStrategy: normal, platform: LINUX, platformName: LINUX, platformVersion: 4.13.12-200.fc26.x86_64, rotatable: false, specificationLevel: 0, timeouts: {implicit: 0, pageLoad: 300000, script: 30000}}
Session ID: a1a71f53-f264-43be-b88c-2b3d26a73eeb">
      <![CDATA[org.openqa.selenium.InvalidArgumentException: Malformed URL: baseurl is not a valid URL.Build info: version: '3.8.0', revision: '924c4067df', time: '2017-11-30T11:37:19.049Z'System info: host: 'localhost.localdomain', ip: '127.0.0.1', os.name: 'Linux', os.arch: 'amd64', os.version: '4.13.12-200.fc26.x86_64', java.version: '1.8.0_151'Driver info: org.openqa.selenium.firefox.FirefoxDriverCapabilities {acceptInsecureCerts: true, browserName: firefox, browserVersion: 56.0, javascriptEnabled: true, moz:accessibilityChecks: false, moz:headless: false, moz:processID: 17965, moz:profile: /tmp/rust_mozprofile.kXSRN0..., pageLoadStrategy: normal, platform: LINUX, platformName: LINUX, platformVersion: 4.13.12-200.fc26.x86_64, rotatable: false, specificationLevel: 0, timeouts: {implicit: 0, pageLoad: 300000, script: 30000}}Session ID: a1a71f53-f264-43be-b88c-2b3d26a73eebat org.openqa.selenium.remote.http.W3CHttpResponseCodec.createException(W3CHttpResponseCodec.java:187)at org.openqa.selenium.remote.http.W3CHttpResponseCodec.decode(W3CHttpResponseCodec.java:122)at org.openqa.selenium.remote.http.W3CHttpResponseCodec.decode(W3CHttpResponseCodec.java:49)at org.openqa.selenium.remote.HttpCommandExecutor.execute(HttpCommandExecutor.java:164)at org.openqa.selenium.remote.service.DriverCommandExecutor.execute(DriverCommandExecutor.java:83)at org.openqa.selenium.remote.RemoteWebDriver.execute(RemoteWebDriver.java:601)at org.openqa.selenium.remote.RemoteWebDriver.get(RemoteWebDriver.java:325)at test.NewTest.beforeClass(NewTest.java:19)... Removed 29 stack frames]]>
    </failure>
  </testcase> <!-- beforeClass -->
</testsuite> <!-- Test -->
