<html xmlns:math="http://exslt.org/math" xmlns:testng="http://testng.org">
   <head>
      <title>TestNG Results</title>
      <meta http-equiv="content-type" content="text/html; charset=utf-8"></meta>
      <meta http-equiv="pragma" content="no-cache"></meta>
      <meta http-equiv="cache-control" content="max-age=0"></meta>
      <meta http-equiv="cache-control" content="no-cache"></meta>
      <meta http-equiv="cache-control" content="no-store"></meta>
      <LINK rel="stylesheet" href="style.css"></LINK>
      <script type="text/javascript" src="main.js"></script>
   </head>
   <body>
      <table width="100%" style="font-size: 16px; margin-bottom: 10px;" cellspacing="1">
         <tr>
            <td width="100%">
               All methods in suite
               
               <b>Default suite</b>
            </td>
            <td style="background-color: #FFBBBB; padding: 3px 3px 3px 0;" align="center">
               <div style="width: 50px;">4</div>
            </td>
            <td style="background-color: lightgreen; padding: 3px 3px 3px 0;" align="center">
               <div style="width: 50px;">2</div>
            </td>
            <td style="background-color: #FFFFBB; padding: 3px 3px 3px 0;" align="center">
               <div style="width: 50px;">0</div>
            </td>
            <td align="center" style="background-color: #eaf0f7; padding: 3px 3px 3px 0;">
               <div style="width: 50px;">6</div>
            </td>
            <td align="center"
                style="font-weight: bold; background-color: #eaf0f7; padding: 3px 3px 3px 0;">
               <div style="width: 50px;">33%</div>
            </td>
            <td style="background-color: #eaf0f7; padding: 3px 3px 3px 0;" align="center"
                nowrap="true">2m
               15s
               
            </td>
         </tr>
      </table>
      <div style="width: 200px;">
         <label for="groupMethodsCheckBox" style="font-weight: bold; margin: 0;">
            <input id="groupMethodsCheckBox" type="checkbox" onclick="switchTestMethodsView(this)"
                   checked=""></input>
            Group by class
            
         </label>
         <br></br>
         <label for="methodsFilter_ALL" style="font-weight: bold; margin: 0;">
            <input id="methodsFilter_ALL" type="checkbox"
                   onclick="testMethodsFilterChanged(this, 'ALL')"
                   checked=""></input>
            All
            
         </label>
      </div>
      <label for="methodsFilter_FAIL" style="margin-left: 20px;">
         <input id="methodsFilter_FAIL" type="checkbox"
                onclick="testMethodsFilterChanged(this, 'FAIL')"
                checked=""></input>
         Failed
         
      </label>
      <label for="methodsFilter_PASS">
         <input id="methodsFilter_PASS" type="checkbox"
                onclick="testMethodsFilterChanged(this, 'PASS')"
                checked=""></input>
         Passed
         
      </label>
      <label for="methodsFilter_SKIP">
         <input id="methodsFilter_SKIP" type="checkbox"
                onclick="testMethodsFilterChanged(this, 'SKIP')"
                checked=""></input>
         Skipped
         
      </label>
      <label for="methodsFilter_CONF">
         <input id="methodsFilter_CONF" type="checkbox"
                onclick="testMethodsFilterChanged(this, 'CONF')"
                checked=""></input>
         Config
         
      </label>
      <br></br>
      <div id="testMethodsByStatus" style="display: none;">
         <table class="testMethodsTable" cellpadding="0" cellspacing="0">
            <tr class="methodsTableHeader">
               <td width="100%">Name</td>
               <td nowrap="true">Started</td>
               <td nowrap="true">Duration</td>
               <td>Exception</td>
            </tr>
            <tr id="nura.NewTest_UserCreation_byStatus_failed_FAIL1_row"
                class="testMethodStatusFAIL">
               <td width="100%" class="firstMethodCell">
                  <a onclick="toggleDetailsVisibility('nura.NewTest_UserCreation_byStatus_failed_FAIL1_details')">UserCreation()</a>
               </td>
               <td nowrap="true">16:53:53</td>
               <td nowrap="true" align="right">1m
                  33s
                  
               </td>
               <td nowrap="true">
                  <a onclick="toggleDetailsVisibility('nura.NewTest_UserCreation_byStatus_failed_FAIL1_exception')">org.openqa.selenium.NoSuchElementException: 
                     Unable to locate element: //option[@value='6f276244-05ba-46ef-861c-bca74aa86c66']
                     For documentation on this error, please visit: http://seleniumhq.org/exceptions/no_such_element.html
                     Build info: version: '3.7.1', revision: '8a0099a', time: '2017-11-06T21:07:36.161Z'
                     System info: host: 'localhost.localdomain', ip: '127.0.0.1', os.name: 'Linux', os.arch: 'amd64', os.version: '4.13.12-200.fc26.x86_64',
                     java.version: '1.8.0_151'
                     Driver info: org.openqa.selenium.firefox.FirefoxDriver
                     Capabilities {acceptInsecureCerts: true, browserName: firefox, browserVersion: 56.0, javascriptEnabled: true, moz:accessibilityChecks:
                     false, moz:headless: false, moz:processID: 32380, moz:profile: /tmp/rust_mozprofile.OUQXJY..., pageLoadStrategy: normal, platform:
                     LINUX, platformName: LINUX, platformVersion: 4.13.12-200.fc26.x86_64, rotatable: false, specificationLevel: 0, timeouts: {implicit:
                     0, pageLoad: 300000, script: 30000}}
                     Session ID: a33bd165-a282-497d-b85e-c51496e9fdb5
                     *** Element info: {Using=xpath, value=//option[@value='6f276244-05ba-46ef-861c-bca74aa86c66']}
                     
                  </a>
                   
                  
               </td>
            </tr>
            <tr>
               <td colspan="4" class="detailsBox">
                  <div id="nura.NewTest_UserCreation_byStatus_failed_FAIL1_details"
                       class="testMethodDetails">
                     <div>
                        <b>Name: </b>UserCreation
                     </div>
                     <div>
                        <b>Signature: </b>UserCreation()[pri:2, instance:nura.NewTest@174d20a]
                     </div>
                     <div>
                        <b>Start time: </b>16:53:53
                     </div>
                     <div>
                        <b>End time: </b>16:55:27
                     </div>
                     <div>
                        <b>Duration: </b>1m
                        33s
                        
                     </div>
                  </div>
               </td>
            </tr>
            <tr>
               <td colspan="4" class="detailsBox">
                  <div id="nura.NewTest_UserCreation_byStatus_failed_FAIL1_exception"
                       class="testMethodDetails">
                     <pre style="padding: 5px; margin: 0;">org.openqa.selenium.NoSuchElementException: Unable to locate element: //option[@value='6f276244-05ba-46ef-861c-bca74aa86c66']
                        For documentation on this error, please visit: http://seleniumhq.org/exceptions/no_such_element.html
                        Build info: version: '3.7.1', revision: '8a0099a', time: '2017-11-06T21:07:36.161Z'
                        System info: host: 'localhost.localdomain', ip: '127.0.0.1', os.name: 'Linux', os.arch: 'amd64', os.version: '4.13.12-200.fc26.x86_64',
                        java.version: '1.8.0_151'
                        Driver info: org.openqa.selenium.firefox.FirefoxDriver
                        Capabilities {acceptInsecureCerts: true, browserName: firefox, browserVersion: 56.0, javascriptEnabled: true, moz:accessibilityChecks:
                        false, moz:headless: false, moz:processID: 32380, moz:profile: /tmp/rust_mozprofile.OUQXJY..., pageLoadStrategy: normal, platform:
                        LINUX, platformName: LINUX, platformVersion: 4.13.12-200.fc26.x86_64, rotatable: false, specificationLevel: 0, timeouts: {implicit:
                        0, pageLoad: 300000, script: 30000}}
                        Session ID: a33bd165-a282-497d-b85e-c51496e9fdb5
                        *** Element info: {Using=xpath, value=//option[@value='6f276244-05ba-46ef-861c-bca74aa86c66']}
                        	at sun.reflect.NativeConstructorAccessorImpl.newInstance0(Native Method)
                        	at sun.reflect.NativeConstructorAccessorImpl.newInstance(NativeConstructorAccessorImpl.java:62)
                        	at sun.reflect.DelegatingConstructorAccessorImpl.newInstance(DelegatingConstructorAccessorImpl.java:45)
                        	at java.lang.reflect.Constructor.newInstance(Constructor.java:423)
                        	at org.openqa.selenium.remote.http.W3CHttpResponseCodec.createException(W3CHttpResponseCodec.java:187)
                        	at org.openqa.selenium.remote.http.W3CHttpResponseCodec.decode(W3CHttpResponseCodec.java:122)
                        	at org.openqa.selenium.remote.http.W3CHttpResponseCodec.decode(W3CHttpResponseCodec.java:49)
                        	at org.openqa.selenium.remote.HttpCommandExecutor.execute(HttpCommandExecutor.java:164)
                        	at org.openqa.selenium.remote.service.DriverCommandExecutor.execute(DriverCommandExecutor.java:83)
                        	at org.openqa.selenium.remote.RemoteWebDriver.execute(RemoteWebDriver.java:600)
                        	at org.openqa.selenium.remote.RemoteWebDriver.findElement(RemoteWebDriver.java:370)
                        	at org.openqa.selenium.remote.RemoteWebDriver.findElementByXPath(RemoteWebDriver.java:472)
                        	at org.openqa.selenium.By$ByXPath.findElement(By.java:361)
                        	at org.openqa.selenium.remote.RemoteWebDriver.findElement(RemoteWebDriver.java:362)
                        	at nura.NewTest.UserCreation(NewTest.java:61)
                        	at sun.reflect.NativeMethodAccessorImpl.invoke0(Native Method)
                        	at sun.reflect.NativeMethodAccessorImpl.invoke(NativeMethodAccessorImpl.java:62)
                        	at sun.reflect.DelegatingMethodAccessorImpl.invoke(DelegatingMethodAccessorImpl.java:43)
                        	at java.lang.reflect.Method.invoke(Method.java:498)
                        	at org.testng.internal.MethodInvocationHelper.invokeMethod(MethodInvocationHelper.java:108)
                        	at org.testng.internal.Invoker.invokeMethod(Invoker.java:669)
                        	at org.testng.internal.Invoker.invokeTestMethod(Invoker.java:877)
                        	at org.testng.internal.Invoker.invokeTestMethods(Invoker.java:1201)
                        	at org.testng.internal.TestMethodWorker.invokeTestMethods(TestMethodWorker.java:125)
                        	at org.testng.internal.TestMethodWorker.run(TestMethodWorker.java:109)
                        	at org.testng.TestRunner.privateRun(TestRunner.java:776)
                        	at org.testng.TestRunner.run(TestRunner.java:634)
                        	at org.testng.SuiteRunner.runTest(SuiteRunner.java:425)
                        	at org.testng.SuiteRunner.runSequentially(SuiteRunner.java:420)
                        	at org.testng.SuiteRunner.privateRun(SuiteRunner.java:385)
                        	at org.testng.SuiteRunner.run(SuiteRunner.java:334)
                        	at org.testng.SuiteRunnerWorker.runSuite(SuiteRunnerWorker.java:52)
                        	at org.testng.SuiteRunnerWorker.run(SuiteRunnerWorker.java:86)
                        	at org.testng.TestNG.runSuitesSequentially(TestNG.java:1318)
                        	at org.testng.TestNG.runSuitesLocally(TestNG.java:1243)
                        	at org.testng.TestNG.runSuites(TestNG.java:1161)
                        	at org.testng.TestNG.run(TestNG.java:1129)
                        	at org.testng.remote.AbstractRemoteTestNG.run(AbstractRemoteTestNG.java:114)
                        	at org.testng.remote.RemoteTestNG.initAndRun(RemoteTestNG.java:251)
                        	at org.testng.remote.RemoteTestNG.main(RemoteTestNG.java:77)
                     </pre>
                  </div>
               </td>
            </tr>
            <tr id="nura.NewTest_Application_byStatus_failed_FAIL2_row"
                class="testMethodStatusFAIL">
               <td width="100%" class="firstMethodCell">
                  <a onclick="toggleDetailsVisibility('nura.NewTest_Application_byStatus_failed_FAIL2_details')">Application()</a>
               </td>
               <td nowrap="true">16:55:50</td>
               <td nowrap="true" align="right">5s
                  
               </td>
               <td nowrap="true">
                  <a onclick="toggleDetailsVisibility('nura.NewTest_Application_byStatus_failed_FAIL2_exception')">org.openqa.selenium.WebDriverException: 
                     Failed to decode response from marionette
                     Build info: version: '3.7.1', revision: '8a0099a', time: '2017-11-06T21:07:36.161Z'
                     System info: host: 'localhost.localdomain', ip: '127.0.0.1', os.name: 'Linux', os.arch: 'amd64', os.version: '4.13.12-200.fc26.x86_64',
                     java.version: '1.8.0_151'
                     Driver info: org.openqa.selenium.firefox.FirefoxDriver
                     Capabilities {acceptInsecureCerts: true, browserName: firefox, browserVersion: 56.0, javascriptEnabled: true, moz:accessibilityChecks:
                     false, moz:headless: false, moz:processID: 32380, moz:profile: /tmp/rust_mozprofile.OUQXJY..., pageLoadStrategy: normal, platform:
                     LINUX, platformName: LINUX, platformVersion: 4.13.12-200.fc26.x86_64, rotatable: false, specificationLevel: 0, timeouts: {implicit:
                     0, pageLoad: 300000, script: 30000}}
                     Session ID: a33bd165-a282-497d-b85e-c51496e9fdb5
                     *** Element info: {Using=xpath, value=//button[@class='btn btn-flat collapsed']}
                     
                  </a>
                   
                  
               </td>
            </tr>
            <tr>
               <td colspan="4" class="detailsBox">
                  <div id="nura.NewTest_Application_byStatus_failed_FAIL2_details"
                       class="testMethodDetails">
                     <div>
                        <b>Name: </b>Application
                     </div>
                     <div>
                        <b>Signature: </b>Application()[pri:4, instance:nura.NewTest@174d20a]
                     </div>
                     <div>
                        <b>Start time: </b>16:55:50
                     </div>
                     <div>
                        <b>End time: </b>16:55:55
                     </div>
                     <div>
                        <b>Duration: </b>5s
                        
                     </div>
                  </div>
               </td>
            </tr>
            <tr>
               <td colspan="4" class="detailsBox">
                  <div id="nura.NewTest_Application_byStatus_failed_FAIL2_exception"
                       class="testMethodDetails">
                     <pre style="padding: 5px; margin: 0;">org.openqa.selenium.WebDriverException: Failed to decode response from marionette
                        Build info: version: '3.7.1', revision: '8a0099a', time: '2017-11-06T21:07:36.161Z'
                        System info: host: 'localhost.localdomain', ip: '127.0.0.1', os.name: 'Linux', os.arch: 'amd64', os.version: '4.13.12-200.fc26.x86_64',
                        java.version: '1.8.0_151'
                        Driver info: org.openqa.selenium.firefox.FirefoxDriver
                        Capabilities {acceptInsecureCerts: true, browserName: firefox, browserVersion: 56.0, javascriptEnabled: true, moz:accessibilityChecks:
                        false, moz:headless: false, moz:processID: 32380, moz:profile: /tmp/rust_mozprofile.OUQXJY..., pageLoadStrategy: normal, platform:
                        LINUX, platformName: LINUX, platformVersion: 4.13.12-200.fc26.x86_64, rotatable: false, specificationLevel: 0, timeouts: {implicit:
                        0, pageLoad: 300000, script: 30000}}
                        Session ID: a33bd165-a282-497d-b85e-c51496e9fdb5
                        *** Element info: {Using=xpath, value=//button[@class='btn btn-flat collapsed']}
                        	at sun.reflect.NativeConstructorAccessorImpl.newInstance0(Native Method)
                        	at sun.reflect.NativeConstructorAccessorImpl.newInstance(NativeConstructorAccessorImpl.java:62)
                        	at sun.reflect.DelegatingConstructorAccessorImpl.newInstance(DelegatingConstructorAccessorImpl.java:45)
                        	at java.lang.reflect.Constructor.newInstance(Constructor.java:423)
                        	at org.openqa.selenium.remote.http.W3CHttpResponseCodec.createException(W3CHttpResponseCodec.java:187)
                        	at org.openqa.selenium.remote.http.W3CHttpResponseCodec.decode(W3CHttpResponseCodec.java:122)
                        	at org.openqa.selenium.remote.http.W3CHttpResponseCodec.decode(W3CHttpResponseCodec.java:49)
                        	at org.openqa.selenium.remote.HttpCommandExecutor.execute(HttpCommandExecutor.java:164)
                        	at org.openqa.selenium.remote.service.DriverCommandExecutor.execute(DriverCommandExecutor.java:83)
                        	at org.openqa.selenium.remote.RemoteWebDriver.execute(RemoteWebDriver.java:600)
                        	at org.openqa.selenium.remote.RemoteWebDriver.findElement(RemoteWebDriver.java:370)
                        	at org.openqa.selenium.remote.RemoteWebDriver.findElementByXPath(RemoteWebDriver.java:472)
                        	at org.openqa.selenium.By$ByXPath.findElement(By.java:361)
                        	at org.openqa.selenium.remote.RemoteWebDriver.findElement(RemoteWebDriver.java:362)
                        	at nura.NewTest.Application(NewTest.java:196)
                        	at sun.reflect.NativeMethodAccessorImpl.invoke0(Native Method)
                        	at sun.reflect.NativeMethodAccessorImpl.invoke(NativeMethodAccessorImpl.java:62)
                        	at sun.reflect.DelegatingMethodAccessorImpl.invoke(DelegatingMethodAccessorImpl.java:43)
                        	at java.lang.reflect.Method.invoke(Method.java:498)
                        	at org.testng.internal.MethodInvocationHelper.invokeMethod(MethodInvocationHelper.java:108)
                        	at org.testng.internal.Invoker.invokeMethod(Invoker.java:669)
                        	at org.testng.internal.Invoker.invokeTestMethod(Invoker.java:877)
                        	at org.testng.internal.Invoker.invokeTestMethods(Invoker.java:1201)
                        	at org.testng.internal.TestMethodWorker.invokeTestMethods(TestMethodWorker.java:125)
                        	at org.testng.internal.TestMethodWorker.run(TestMethodWorker.java:109)
                        	at org.testng.TestRunner.privateRun(TestRunner.java:776)
                        	at org.testng.TestRunner.run(TestRunner.java:634)
                        	at org.testng.SuiteRunner.runTest(SuiteRunner.java:425)
                        	at org.testng.SuiteRunner.runSequentially(SuiteRunner.java:420)
                        	at org.testng.SuiteRunner.privateRun(SuiteRunner.java:385)
                        	at org.testng.SuiteRunner.run(SuiteRunner.java:334)
                        	at org.testng.SuiteRunnerWorker.runSuite(SuiteRunnerWorker.java:52)
                        	at org.testng.SuiteRunnerWorker.run(SuiteRunnerWorker.java:86)
                        	at org.testng.TestNG.runSuitesSequentially(TestNG.java:1318)
                        	at org.testng.TestNG.runSuitesLocally(TestNG.java:1243)
                        	at org.testng.TestNG.runSuites(TestNG.java:1161)
                        	at org.testng.TestNG.run(TestNG.java:1129)
                        	at org.testng.remote.AbstractRemoteTestNG.run(AbstractRemoteTestNG.java:114)
                        	at org.testng.remote.RemoteTestNG.initAndRun(RemoteTestNG.java:251)
                        	at org.testng.remote.RemoteTestNG.main(RemoteTestNG.java:77)
                     </pre>
                  </div>
               </td>
            </tr>
            <tr id="nura.NewTest_Profile_byStatus_failed_FAIL3_row"
                class="testMethodStatusFAIL">
               <td width="100%" class="firstMethodCell">
                  <a onclick="toggleDetailsVisibility('nura.NewTest_Profile_byStatus_failed_FAIL3_details')">Profile()</a>
               </td>
               <td nowrap="true">16:55:55</td>
               <td nowrap="true" align="right">5s
                  
               </td>
               <td nowrap="true">
                  <a onclick="toggleDetailsVisibility('nura.NewTest_Profile_byStatus_failed_FAIL3_exception')">org.openqa.selenium.SessionNotCreatedException: 
                     Tried to run command without establishing a connection
                     Build info: version: '3.7.1', revision: '8a0099a', time: '2017-11-06T21:07:36.161Z'
                     System info: host: 'localhost.localdomain', ip: '127.0.0.1', os.name: 'Linux', os.arch: 'amd64', os.version: '4.13.12-200.fc26.x86_64',
                     java.version: '1.8.0_151'
                     Driver info: org.openqa.selenium.firefox.FirefoxDriver
                     Capabilities {acceptInsecureCerts: true, browserName: firefox, browserVersion: 56.0, javascriptEnabled: true, moz:accessibilityChecks:
                     false, moz:headless: false, moz:processID: 32380, moz:profile: /tmp/rust_mozprofile.OUQXJY..., pageLoadStrategy: normal, platform:
                     LINUX, platformName: LINUX, platformVersion: 4.13.12-200.fc26.x86_64, rotatable: false, specificationLevel: 0, timeouts: {implicit:
                     0, pageLoad: 300000, script: 30000}}
                     Session ID: a33bd165-a282-497d-b85e-c51496e9fdb5
                     *** Element info: {Using=xpath, value=//img[@alt='badge']}
                     
                  </a>
                   
                  
               </td>
            </tr>
            <tr>
               <td colspan="4" class="detailsBox">
                  <div id="nura.NewTest_Profile_byStatus_failed_FAIL3_details"
                       class="testMethodDetails">
                     <div>
                        <b>Name: </b>Profile
                     </div>
                     <div>
                        <b>Signature: </b>Profile()[pri:5, instance:nura.NewTest@174d20a]
                     </div>
                     <div>
                        <b>Start time: </b>16:55:55
                     </div>
                     <div>
                        <b>End time: </b>16:56:00
                     </div>
                     <div>
                        <b>Duration: </b>5s
                        
                     </div>
                  </div>
               </td>
            </tr>
            <tr>
               <td colspan="4" class="detailsBox">
                  <div id="nura.NewTest_Profile_byStatus_failed_FAIL3_exception"
                       class="testMethodDetails">
                     <pre style="padding: 5px; margin: 0;">org.openqa.selenium.SessionNotCreatedException: Tried to run command without establishing a connection
                        Build info: version: '3.7.1', revision: '8a0099a', time: '2017-11-06T21:07:36.161Z'
                        System info: host: 'localhost.localdomain', ip: '127.0.0.1', os.name: 'Linux', os.arch: 'amd64', os.version: '4.13.12-200.fc26.x86_64',
                        java.version: '1.8.0_151'
                        Driver info: org.openqa.selenium.firefox.FirefoxDriver
                        Capabilities {acceptInsecureCerts: true, browserName: firefox, browserVersion: 56.0, javascriptEnabled: true, moz:accessibilityChecks:
                        false, moz:headless: false, moz:processID: 32380, moz:profile: /tmp/rust_mozprofile.OUQXJY..., pageLoadStrategy: normal, platform:
                        LINUX, platformName: LINUX, platformVersion: 4.13.12-200.fc26.x86_64, rotatable: false, specificationLevel: 0, timeouts: {implicit:
                        0, pageLoad: 300000, script: 30000}}
                        Session ID: a33bd165-a282-497d-b85e-c51496e9fdb5
                        *** Element info: {Using=xpath, value=//img[@alt='badge']}
                        	at sun.reflect.NativeConstructorAccessorImpl.newInstance0(Native Method)
                        	at sun.reflect.NativeConstructorAccessorImpl.newInstance(NativeConstructorAccessorImpl.java:62)
                        	at sun.reflect.DelegatingConstructorAccessorImpl.newInstance(DelegatingConstructorAccessorImpl.java:45)
                        	at java.lang.reflect.Constructor.newInstance(Constructor.java:423)
                        	at org.openqa.selenium.remote.http.W3CHttpResponseCodec.createException(W3CHttpResponseCodec.java:187)
                        	at org.openqa.selenium.remote.http.W3CHttpResponseCodec.decode(W3CHttpResponseCodec.java:122)
                        	at org.openqa.selenium.remote.http.W3CHttpResponseCodec.decode(W3CHttpResponseCodec.java:49)
                        	at org.openqa.selenium.remote.HttpCommandExecutor.execute(HttpCommandExecutor.java:164)
                        	at org.openqa.selenium.remote.service.DriverCommandExecutor.execute(DriverCommandExecutor.java:83)
                        	at org.openqa.selenium.remote.RemoteWebDriver.execute(RemoteWebDriver.java:600)
                        	at org.openqa.selenium.remote.RemoteWebDriver.findElement(RemoteWebDriver.java:370)
                        	at org.openqa.selenium.remote.RemoteWebDriver.findElementByXPath(RemoteWebDriver.java:472)
                        	at org.openqa.selenium.By$ByXPath.findElement(By.java:361)
                        	at org.openqa.selenium.remote.RemoteWebDriver.findElement(RemoteWebDriver.java:362)
                        	at nura.NewTest.Profile(NewTest.java:216)
                        	at sun.reflect.NativeMethodAccessorImpl.invoke0(Native Method)
                        	at sun.reflect.NativeMethodAccessorImpl.invoke(NativeMethodAccessorImpl.java:62)
                        	at sun.reflect.DelegatingMethodAccessorImpl.invoke(DelegatingMethodAccessorImpl.java:43)
                        	at java.lang.reflect.Method.invoke(Method.java:498)
                        	at org.testng.internal.MethodInvocationHelper.invokeMethod(MethodInvocationHelper.java:108)
                        	at org.testng.internal.Invoker.invokeMethod(Invoker.java:669)
                        	at org.testng.internal.Invoker.invokeTestMethod(Invoker.java:877)
                        	at org.testng.internal.Invoker.invokeTestMethods(Invoker.java:1201)
                        	at org.testng.internal.TestMethodWorker.invokeTestMethods(TestMethodWorker.java:125)
                        	at org.testng.internal.TestMethodWorker.run(TestMethodWorker.java:109)
                        	at org.testng.TestRunner.privateRun(TestRunner.java:776)
                        	at org.testng.TestRunner.run(TestRunner.java:634)
                        	at org.testng.SuiteRunner.runTest(SuiteRunner.java:425)
                        	at org.testng.SuiteRunner.runSequentially(SuiteRunner.java:420)
                        	at org.testng.SuiteRunner.privateRun(SuiteRunner.java:385)
                        	at org.testng.SuiteRunner.run(SuiteRunner.java:334)
                        	at org.testng.SuiteRunnerWorker.runSuite(SuiteRunnerWorker.java:52)
                        	at org.testng.SuiteRunnerWorker.run(SuiteRunnerWorker.java:86)
                        	at org.testng.TestNG.runSuitesSequentially(TestNG.java:1318)
                        	at org.testng.TestNG.runSuitesLocally(TestNG.java:1243)
                        	at org.testng.TestNG.runSuites(TestNG.java:1161)
                        	at org.testng.TestNG.run(TestNG.java:1129)
                        	at org.testng.remote.AbstractRemoteTestNG.run(AbstractRemoteTestNG.java:114)
                        	at org.testng.remote.RemoteTestNG.initAndRun(RemoteTestNG.java:251)
                        	at org.testng.remote.RemoteTestNG.main(RemoteTestNG.java:77)
                     </pre>
                  </div>
               </td>
            </tr>
            <tr id="nura.NewTest_ChangePassword_byStatus_failed_FAIL4_row"
                class="testMethodStatusFAIL">
               <td width="100%" class="firstMethodCell">
                  <a onclick="toggleDetailsVisibility('nura.NewTest_ChangePassword_byStatus_failed_FAIL4_details')">ChangePassword()</a>
               </td>
               <td nowrap="true">16:56:00</td>
               <td nowrap="true" align="right">4 ms
                  
               </td>
               <td nowrap="true">
                  <a onclick="toggleDetailsVisibility('nura.NewTest_ChangePassword_byStatus_failed_FAIL4_exception')">org.openqa.selenium.SessionNotCreatedException: 
                     Tried to run command without establishing a connection
                     Build info: version: '3.7.1', revision: '8a0099a', time: '2017-11-06T21:07:36.161Z'
                     System info: host: 'localhost.localdomain', ip: '127.0.0.1', os.name: 'Linux', os.arch: 'amd64', os.version: '4.13.12-200.fc26.x86_64',
                     java.version: '1.8.0_151'
                     Driver info: org.openqa.selenium.firefox.FirefoxDriver
                     Capabilities {acceptInsecureCerts: true, browserName: firefox, browserVersion: 56.0, javascriptEnabled: true, moz:accessibilityChecks:
                     false, moz:headless: false, moz:processID: 32380, moz:profile: /tmp/rust_mozprofile.OUQXJY..., pageLoadStrategy: normal, platform:
                     LINUX, platformName: LINUX, platformVersion: 4.13.12-200.fc26.x86_64, rotatable: false, specificationLevel: 0, timeouts: {implicit:
                     0, pageLoad: 300000, script: 30000}}
                     Session ID: a33bd165-a282-497d-b85e-c51496e9fdb5
                     *** Element info: {Using=xpath, value=//img[@alt='badge']}
                     
                  </a>
                   
                  
               </td>
            </tr>
            <tr>
               <td colspan="4" class="detailsBox">
                  <div id="nura.NewTest_ChangePassword_byStatus_failed_FAIL4_details"
                       class="testMethodDetails">
                     <div>
                        <b>Name: </b>ChangePassword
                     </div>
                     <div>
                        <b>Signature: </b>ChangePassword()[pri:6, instance:nura.NewTest@174d20a]
                     </div>
                     <div>
                        <b>Start time: </b>16:56:00
                     </div>
                     <div>
                        <b>End time: </b>16:56:00
                     </div>
                     <div>
                        <b>Duration: </b>4 ms
                        
                     </div>
                  </div>
               </td>
            </tr>
            <tr>
               <td colspan="4" class="detailsBox">
                  <div id="nura.NewTest_ChangePassword_byStatus_failed_FAIL4_exception"
                       class="testMethodDetails">
                     <pre style="padding: 5px; margin: 0;">org.openqa.selenium.SessionNotCreatedException: Tried to run command without establishing a connection
                        Build info: version: '3.7.1', revision: '8a0099a', time: '2017-11-06T21:07:36.161Z'
                        System info: host: 'localhost.localdomain', ip: '127.0.0.1', os.name: 'Linux', os.arch: 'amd64', os.version: '4.13.12-200.fc26.x86_64',
                        java.version: '1.8.0_151'
                        Driver info: org.openqa.selenium.firefox.FirefoxDriver
                        Capabilities {acceptInsecureCerts: true, browserName: firefox, browserVersion: 56.0, javascriptEnabled: true, moz:accessibilityChecks:
                        false, moz:headless: false, moz:processID: 32380, moz:profile: /tmp/rust_mozprofile.OUQXJY..., pageLoadStrategy: normal, platform:
                        LINUX, platformName: LINUX, platformVersion: 4.13.12-200.fc26.x86_64, rotatable: false, specificationLevel: 0, timeouts: {implicit:
                        0, pageLoad: 300000, script: 30000}}
                        Session ID: a33bd165-a282-497d-b85e-c51496e9fdb5
                        *** Element info: {Using=xpath, value=//img[@alt='badge']}
                        	at sun.reflect.NativeConstructorAccessorImpl.newInstance0(Native Method)
                        	at sun.reflect.NativeConstructorAccessorImpl.newInstance(NativeConstructorAccessorImpl.java:62)
                        	at sun.reflect.DelegatingConstructorAccessorImpl.newInstance(DelegatingConstructorAccessorImpl.java:45)
                        	at java.lang.reflect.Constructor.newInstance(Constructor.java:423)
                        	at org.openqa.selenium.remote.http.W3CHttpResponseCodec.createException(W3CHttpResponseCodec.java:187)
                        	at org.openqa.selenium.remote.http.W3CHttpResponseCodec.decode(W3CHttpResponseCodec.java:122)
                        	at org.openqa.selenium.remote.http.W3CHttpResponseCodec.decode(W3CHttpResponseCodec.java:49)
                        	at org.openqa.selenium.remote.HttpCommandExecutor.execute(HttpCommandExecutor.java:164)
                        	at org.openqa.selenium.remote.service.DriverCommandExecutor.execute(DriverCommandExecutor.java:83)
                        	at org.openqa.selenium.remote.RemoteWebDriver.execute(RemoteWebDriver.java:600)
                        	at org.openqa.selenium.remote.RemoteWebDriver.findElement(RemoteWebDriver.java:370)
                        	at org.openqa.selenium.remote.RemoteWebDriver.findElementByXPath(RemoteWebDriver.java:472)
                        	at org.openqa.selenium.By$ByXPath.findElement(By.java:361)
                        	at org.openqa.selenium.remote.RemoteWebDriver.findElement(RemoteWebDriver.java:362)
                        	at nura.NewTest.ChangePassword(NewTest.java:248)
                        	at sun.reflect.NativeMethodAccessorImpl.invoke0(Native Method)
                        	at sun.reflect.NativeMethodAccessorImpl.invoke(NativeMethodAccessorImpl.java:62)
                        	at sun.reflect.DelegatingMethodAccessorImpl.invoke(DelegatingMethodAccessorImpl.java:43)
                        	at java.lang.reflect.Method.invoke(Method.java:498)
                        	at org.testng.internal.MethodInvocationHelper.invokeMethod(MethodInvocationHelper.java:108)
                        	at org.testng.internal.Invoker.invokeMethod(Invoker.java:669)
                        	at org.testng.internal.Invoker.invokeTestMethod(Invoker.java:877)
                        	at org.testng.internal.Invoker.invokeTestMethods(Invoker.java:1201)
                        	at org.testng.internal.TestMethodWorker.invokeTestMethods(TestMethodWorker.java:125)
                        	at org.testng.internal.TestMethodWorker.run(TestMethodWorker.java:109)
                        	at org.testng.TestRunner.privateRun(TestRunner.java:776)
                        	at org.testng.TestRunner.run(TestRunner.java:634)
                        	at org.testng.SuiteRunner.runTest(SuiteRunner.java:425)
                        	at org.testng.SuiteRunner.runSequentially(SuiteRunner.java:420)
                        	at org.testng.SuiteRunner.privateRun(SuiteRunner.java:385)
                        	at org.testng.SuiteRunner.run(SuiteRunner.java:334)
                        	at org.testng.SuiteRunnerWorker.runSuite(SuiteRunnerWorker.java:52)
                        	at org.testng.SuiteRunnerWorker.run(SuiteRunnerWorker.java:86)
                        	at org.testng.TestNG.runSuitesSequentially(TestNG.java:1318)
                        	at org.testng.TestNG.runSuitesLocally(TestNG.java:1243)
                        	at org.testng.TestNG.runSuites(TestNG.java:1161)
                        	at org.testng.TestNG.run(TestNG.java:1129)
                        	at org.testng.remote.AbstractRemoteTestNG.run(AbstractRemoteTestNG.java:114)
                        	at org.testng.remote.RemoteTestNG.initAndRun(RemoteTestNG.java:251)
                        	at org.testng.remote.RemoteTestNG.main(RemoteTestNG.java:77)
                     </pre>
                  </div>
               </td>
            </tr>
            <tr id="nura.NewTest_beforeClass_byStatus_passed_PASS1_row"
                class="testMethodStatusPASS">
               <td width="100%" class="firstMethodCell">
                  <a onclick="toggleDetailsVisibility('nura.NewTest_beforeClass_byStatus_passed_PASS1_details')">beforeClass()</a>
               </td>
               <td nowrap="true">16:53:44</td>
               <td nowrap="true" align="right">9s
                  
               </td>
               <td nowrap="true">
                   
                  
               </td>
            </tr>
            <tr>
               <td colspan="4" class="detailsBox">
                  <div id="nura.NewTest_beforeClass_byStatus_passed_PASS1_details"
                       class="testMethodDetails">
                     <div>
                        <b>Name: </b>beforeClass
                     </div>
                     <div>
                        <b>Signature: </b>beforeClass()[pri:1, instance:nura.NewTest@174d20a]
                     </div>
                     <div>
                        <b>Start time: </b>16:53:44
                     </div>
                     <div>
                        <b>End time: </b>16:53:53
                     </div>
                     <div>
                        <b>Duration: </b>9s
                        
                     </div>
                  </div>
               </td>
            </tr>
            <tr></tr>
            <tr id="nura.NewTest_UserGroup_byStatus_passed_PASS2_row"
                class="testMethodStatusPASS">
               <td width="100%" class="firstMethodCell">
                  <a onclick="toggleDetailsVisibility('nura.NewTest_UserGroup_byStatus_passed_PASS2_details')">UserGroup()</a>
               </td>
               <td nowrap="true">16:55:27</td>
               <td nowrap="true" align="right">23s
                  
               </td>
               <td nowrap="true">
                   
                  
               </td>
            </tr>
            <tr>
               <td colspan="4" class="detailsBox">
                  <div id="nura.NewTest_UserGroup_byStatus_passed_PASS2_details"
                       class="testMethodDetails">
                     <div>
                        <b>Name: </b>UserGroup
                     </div>
                     <div>
                        <b>Signature: </b>UserGroup()[pri:3, instance:nura.NewTest@174d20a]
                     </div>
                     <div>
                        <b>Start time: </b>16:55:27
                     </div>
                     <div>
                        <b>End time: </b>16:55:50
                     </div>
                     <div>
                        <b>Duration: </b>23s
                        
                     </div>
                  </div>
               </td>
            </tr>
            <tr></tr>
         </table>
      </div>
      <div id="testMethodsByClass">
         <table class="testMethodsTable" cellpadding="0" cellspacing="0">
            <tr>
               <td colspan="4">
                  <h3 style="display: inline;">nura.NewTest</h3>
               </td>
            </tr>
            <tr class="methodsTableHeader">
               <td width="100%">Name</td>
               <td nowrap="true">Started</td>
               <td nowrap="true">Duration</td>
               <td>Exception</td>
            </tr>
            <tr id="nura.NewTest_beforeClass_byClass_PASS1_row" class="testMethodStatusPASS">
               <td width="100%" class="firstMethodCell">
                  <a onclick="toggleDetailsVisibility('nura.NewTest_beforeClass_byClass_PASS1_details')">beforeClass()</a>
               </td>
               <td nowrap="true">16:53:44</td>
               <td nowrap="true" align="right">9s
                  
               </td>
               <td nowrap="true">
                   
                  
               </td>
            </tr>
            <tr>
               <td colspan="4" class="detailsBox">
                  <div id="nura.NewTest_beforeClass_byClass_PASS1_details" class="testMethodDetails">
                     <div>
                        <b>Name: </b>beforeClass
                     </div>
                     <div>
                        <b>Signature: </b>beforeClass()[pri:1, instance:nura.NewTest@174d20a]
                     </div>
                     <div>
                        <b>Start time: </b>16:53:44
                     </div>
                     <div>
                        <b>End time: </b>16:53:53
                     </div>
                     <div>
                        <b>Duration: </b>9s
                        
                     </div>
                  </div>
               </td>
            </tr>
            <tr></tr>
            <tr id="nura.NewTest_UserCreation_byClass_FAIL2_row" class="testMethodStatusFAIL">
               <td width="100%" class="firstMethodCell">
                  <a onclick="toggleDetailsVisibility('nura.NewTest_UserCreation_byClass_FAIL2_details')">UserCreation()</a>
               </td>
               <td nowrap="true">16:53:53</td>
               <td nowrap="true" align="right">1m
                  33s
                  
               </td>
               <td nowrap="true">
                  <a onclick="toggleDetailsVisibility('nura.NewTest_UserCreation_byClass_FAIL2_exception')">org.openqa.selenium.NoSuchElementException: 
                     Unable to locate element: //option[@value='6f276244-05ba-46ef-861c-bca74aa86c66']
                     For documentation on this error, please visit: http://seleniumhq.org/exceptions/no_such_element.html
                     Build info: version: '3.7.1', revision: '8a0099a', time: '2017-11-06T21:07:36.161Z'
                     System info: host: 'localhost.localdomain', ip: '127.0.0.1', os.name: 'Linux', os.arch: 'amd64', os.version: '4.13.12-200.fc26.x86_64',
                     java.version: '1.8.0_151'
                     Driver info: org.openqa.selenium.firefox.FirefoxDriver
                     Capabilities {acceptInsecureCerts: true, browserName: firefox, browserVersion: 56.0, javascriptEnabled: true, moz:accessibilityChecks:
                     false, moz:headless: false, moz:processID: 32380, moz:profile: /tmp/rust_mozprofile.OUQXJY..., pageLoadStrategy: normal, platform:
                     LINUX, platformName: LINUX, platformVersion: 4.13.12-200.fc26.x86_64, rotatable: false, specificationLevel: 0, timeouts: {implicit:
                     0, pageLoad: 300000, script: 30000}}
                     Session ID: a33bd165-a282-497d-b85e-c51496e9fdb5
                     *** Element info: {Using=xpath, value=//option[@value='6f276244-05ba-46ef-861c-bca74aa86c66']}
                     
                  </a>
                   
                  
               </td>
            </tr>
            <tr>
               <td colspan="4" class="detailsBox">
                  <div id="nura.NewTest_UserCreation_byClass_FAIL2_details" class="testMethodDetails">
                     <div>
                        <b>Name: </b>UserCreation
                     </div>
                     <div>
                        <b>Signature: </b>UserCreation()[pri:2, instance:nura.NewTest@174d20a]
                     </div>
                     <div>
                        <b>Start time: </b>16:53:53
                     </div>
                     <div>
                        <b>End time: </b>16:55:27
                     </div>
                     <div>
                        <b>Duration: </b>1m
                        33s
                        
                     </div>
                  </div>
               </td>
            </tr>
            <tr>
               <td colspan="4" class="detailsBox">
                  <div id="nura.NewTest_UserCreation_byClass_FAIL2_exception"
                       class="testMethodDetails">
                     <pre style="padding: 5px; margin: 0;">org.openqa.selenium.NoSuchElementException: Unable to locate element: //option[@value='6f276244-05ba-46ef-861c-bca74aa86c66']
                        For documentation on this error, please visit: http://seleniumhq.org/exceptions/no_such_element.html
                        Build info: version: '3.7.1', revision: '8a0099a', time: '2017-11-06T21:07:36.161Z'
                        System info: host: 'localhost.localdomain', ip: '127.0.0.1', os.name: 'Linux', os.arch: 'amd64', os.version: '4.13.12-200.fc26.x86_64',
                        java.version: '1.8.0_151'
                        Driver info: org.openqa.selenium.firefox.FirefoxDriver
                        Capabilities {acceptInsecureCerts: true, browserName: firefox, browserVersion: 56.0, javascriptEnabled: true, moz:accessibilityChecks:
                        false, moz:headless: false, moz:processID: 32380, moz:profile: /tmp/rust_mozprofile.OUQXJY..., pageLoadStrategy: normal, platform:
                        LINUX, platformName: LINUX, platformVersion: 4.13.12-200.fc26.x86_64, rotatable: false, specificationLevel: 0, timeouts: {implicit:
                        0, pageLoad: 300000, script: 30000}}
                        Session ID: a33bd165-a282-497d-b85e-c51496e9fdb5
                        *** Element info: {Using=xpath, value=//option[@value='6f276244-05ba-46ef-861c-bca74aa86c66']}
                        	at sun.reflect.NativeConstructorAccessorImpl.newInstance0(Native Method)
                        	at sun.reflect.NativeConstructorAccessorImpl.newInstance(NativeConstructorAccessorImpl.java:62)
                        	at sun.reflect.DelegatingConstructorAccessorImpl.newInstance(DelegatingConstructorAccessorImpl.java:45)
                        	at java.lang.reflect.Constructor.newInstance(Constructor.java:423)
                        	at org.openqa.selenium.remote.http.W3CHttpResponseCodec.createException(W3CHttpResponseCodec.java:187)
                        	at org.openqa.selenium.remote.http.W3CHttpResponseCodec.decode(W3CHttpResponseCodec.java:122)
                        	at org.openqa.selenium.remote.http.W3CHttpResponseCodec.decode(W3CHttpResponseCodec.java:49)
                        	at org.openqa.selenium.remote.HttpCommandExecutor.execute(HttpCommandExecutor.java:164)
                        	at org.openqa.selenium.remote.service.DriverCommandExecutor.execute(DriverCommandExecutor.java:83)
                        	at org.openqa.selenium.remote.RemoteWebDriver.execute(RemoteWebDriver.java:600)
                        	at org.openqa.selenium.remote.RemoteWebDriver.findElement(RemoteWebDriver.java:370)
                        	at org.openqa.selenium.remote.RemoteWebDriver.findElementByXPath(RemoteWebDriver.java:472)
                        	at org.openqa.selenium.By$ByXPath.findElement(By.java:361)
                        	at org.openqa.selenium.remote.RemoteWebDriver.findElement(RemoteWebDriver.java:362)
                        	at nura.NewTest.UserCreation(NewTest.java:61)
                        	at sun.reflect.NativeMethodAccessorImpl.invoke0(Native Method)
                        	at sun.reflect.NativeMethodAccessorImpl.invoke(NativeMethodAccessorImpl.java:62)
                        	at sun.reflect.DelegatingMethodAccessorImpl.invoke(DelegatingMethodAccessorImpl.java:43)
                        	at java.lang.reflect.Method.invoke(Method.java:498)
                        	at org.testng.internal.MethodInvocationHelper.invokeMethod(MethodInvocationHelper.java:108)
                        	at org.testng.internal.Invoker.invokeMethod(Invoker.java:669)
                        	at org.testng.internal.Invoker.invokeTestMethod(Invoker.java:877)
                        	at org.testng.internal.Invoker.invokeTestMethods(Invoker.java:1201)
                        	at org.testng.internal.TestMethodWorker.invokeTestMethods(TestMethodWorker.java:125)
                        	at org.testng.internal.TestMethodWorker.run(TestMethodWorker.java:109)
                        	at org.testng.TestRunner.privateRun(TestRunner.java:776)
                        	at org.testng.TestRunner.run(TestRunner.java:634)
                        	at org.testng.SuiteRunner.runTest(SuiteRunner.java:425)
                        	at org.testng.SuiteRunner.runSequentially(SuiteRunner.java:420)
                        	at org.testng.SuiteRunner.privateRun(SuiteRunner.java:385)
                        	at org.testng.SuiteRunner.run(SuiteRunner.java:334)
                        	at org.testng.SuiteRunnerWorker.runSuite(SuiteRunnerWorker.java:52)
                        	at org.testng.SuiteRunnerWorker.run(SuiteRunnerWorker.java:86)
                        	at org.testng.TestNG.runSuitesSequentially(TestNG.java:1318)
                        	at org.testng.TestNG.runSuitesLocally(TestNG.java:1243)
                        	at org.testng.TestNG.runSuites(TestNG.java:1161)
                        	at org.testng.TestNG.run(TestNG.java:1129)
                        	at org.testng.remote.AbstractRemoteTestNG.run(AbstractRemoteTestNG.java:114)
                        	at org.testng.remote.RemoteTestNG.initAndRun(RemoteTestNG.java:251)
                        	at org.testng.remote.RemoteTestNG.main(RemoteTestNG.java:77)
                     </pre>
                  </div>
               </td>
            </tr>
            <tr id="nura.NewTest_UserGroup_byClass_PASS3_row" class="testMethodStatusPASS">
               <td width="100%" class="firstMethodCell">
                  <a onclick="toggleDetailsVisibility('nura.NewTest_UserGroup_byClass_PASS3_details')">UserGroup()</a>
               </td>
               <td nowrap="true">16:55:27</td>
               <td nowrap="true" align="right">23s
                  
               </td>
               <td nowrap="true">
                   
                  
               </td>
            </tr>
            <tr>
               <td colspan="4" class="detailsBox">
                  <div id="nura.NewTest_UserGroup_byClass_PASS3_details" class="testMethodDetails">
                     <div>
                        <b>Name: </b>UserGroup
                     </div>
                     <div>
                        <b>Signature: </b>UserGroup()[pri:3, instance:nura.NewTest@174d20a]
                     </div>
                     <div>
                        <b>Start time: </b>16:55:27
                     </div>
                     <div>
                        <b>End time: </b>16:55:50
                     </div>
                     <div>
                        <b>Duration: </b>23s
                        
                     </div>
                  </div>
               </td>
            </tr>
            <tr></tr>
            <tr id="nura.NewTest_Application_byClass_FAIL4_row" class="testMethodStatusFAIL">
               <td width="100%" class="firstMethodCell">
                  <a onclick="toggleDetailsVisibility('nura.NewTest_Application_byClass_FAIL4_details')">Application()</a>
               </td>
               <td nowrap="true">16:55:50</td>
               <td nowrap="true" align="right">5s
                  
               </td>
               <td nowrap="true">
                  <a onclick="toggleDetailsVisibility('nura.NewTest_Application_byClass_FAIL4_exception')">org.openqa.selenium.WebDriverException: 
                     Failed to decode response from marionette
                     Build info: version: '3.7.1', revision: '8a0099a', time: '2017-11-06T21:07:36.161Z'
                     System info: host: 'localhost.localdomain', ip: '127.0.0.1', os.name: 'Linux', os.arch: 'amd64', os.version: '4.13.12-200.fc26.x86_64',
                     java.version: '1.8.0_151'
                     Driver info: org.openqa.selenium.firefox.FirefoxDriver
                     Capabilities {acceptInsecureCerts: true, browserName: firefox, browserVersion: 56.0, javascriptEnabled: true, moz:accessibilityChecks:
                     false, moz:headless: false, moz:processID: 32380, moz:profile: /tmp/rust_mozprofile.OUQXJY..., pageLoadStrategy: normal, platform:
                     LINUX, platformName: LINUX, platformVersion: 4.13.12-200.fc26.x86_64, rotatable: false, specificationLevel: 0, timeouts: {implicit:
                     0, pageLoad: 300000, script: 30000}}
                     Session ID: a33bd165-a282-497d-b85e-c51496e9fdb5
                     *** Element info: {Using=xpath, value=//button[@class='btn btn-flat collapsed']}
                     
                  </a>
                   
                  
               </td>
            </tr>
            <tr>
               <td colspan="4" class="detailsBox">
                  <div id="nura.NewTest_Application_byClass_FAIL4_details" class="testMethodDetails">
                     <div>
                        <b>Name: </b>Application
                     </div>
                     <div>
                        <b>Signature: </b>Application()[pri:4, instance:nura.NewTest@174d20a]
                     </div>
                     <div>
                        <b>Start time: </b>16:55:50
                     </div>
                     <div>
                        <b>End time: </b>16:55:55
                     </div>
                     <div>
                        <b>Duration: </b>5s
                        
                     </div>
                  </div>
               </td>
            </tr>
            <tr>
               <td colspan="4" class="detailsBox">
                  <div id="nura.NewTest_Application_byClass_FAIL4_exception" class="testMethodDetails">
                     <pre style="padding: 5px; margin: 0;">org.openqa.selenium.WebDriverException: Failed to decode response from marionette
                        Build info: version: '3.7.1', revision: '8a0099a', time: '2017-11-06T21:07:36.161Z'
                        System info: host: 'localhost.localdomain', ip: '127.0.0.1', os.name: 'Linux', os.arch: 'amd64', os.version: '4.13.12-200.fc26.x86_64',
                        java.version: '1.8.0_151'
                        Driver info: org.openqa.selenium.firefox.FirefoxDriver
                        Capabilities {acceptInsecureCerts: true, browserName: firefox, browserVersion: 56.0, javascriptEnabled: true, moz:accessibilityChecks:
                        false, moz:headless: false, moz:processID: 32380, moz:profile: /tmp/rust_mozprofile.OUQXJY..., pageLoadStrategy: normal, platform:
                        LINUX, platformName: LINUX, platformVersion: 4.13.12-200.fc26.x86_64, rotatable: false, specificationLevel: 0, timeouts: {implicit:
                        0, pageLoad: 300000, script: 30000}}
                        Session ID: a33bd165-a282-497d-b85e-c51496e9fdb5
                        *** Element info: {Using=xpath, value=//button[@class='btn btn-flat collapsed']}
                        	at sun.reflect.NativeConstructorAccessorImpl.newInstance0(Native Method)
                        	at sun.reflect.NativeConstructorAccessorImpl.newInstance(NativeConstructorAccessorImpl.java:62)
                        	at sun.reflect.DelegatingConstructorAccessorImpl.newInstance(DelegatingConstructorAccessorImpl.java:45)
                        	at java.lang.reflect.Constructor.newInstance(Constructor.java:423)
                        	at org.openqa.selenium.remote.http.W3CHttpResponseCodec.createException(W3CHttpResponseCodec.java:187)
                        	at org.openqa.selenium.remote.http.W3CHttpResponseCodec.decode(W3CHttpResponseCodec.java:122)
                        	at org.openqa.selenium.remote.http.W3CHttpResponseCodec.decode(W3CHttpResponseCodec.java:49)
                        	at org.openqa.selenium.remote.HttpCommandExecutor.execute(HttpCommandExecutor.java:164)
                        	at org.openqa.selenium.remote.service.DriverCommandExecutor.execute(DriverCommandExecutor.java:83)
                        	at org.openqa.selenium.remote.RemoteWebDriver.execute(RemoteWebDriver.java:600)
                        	at org.openqa.selenium.remote.RemoteWebDriver.findElement(RemoteWebDriver.java:370)
                        	at org.openqa.selenium.remote.RemoteWebDriver.findElementByXPath(RemoteWebDriver.java:472)
                        	at org.openqa.selenium.By$ByXPath.findElement(By.java:361)
                        	at org.openqa.selenium.remote.RemoteWebDriver.findElement(RemoteWebDriver.java:362)
                        	at nura.NewTest.Application(NewTest.java:196)
                        	at sun.reflect.NativeMethodAccessorImpl.invoke0(Native Method)
                        	at sun.reflect.NativeMethodAccessorImpl.invoke(NativeMethodAccessorImpl.java:62)
                        	at sun.reflect.DelegatingMethodAccessorImpl.invoke(DelegatingMethodAccessorImpl.java:43)
                        	at java.lang.reflect.Method.invoke(Method.java:498)
                        	at org.testng.internal.MethodInvocationHelper.invokeMethod(MethodInvocationHelper.java:108)
                        	at org.testng.internal.Invoker.invokeMethod(Invoker.java:669)
                        	at org.testng.internal.Invoker.invokeTestMethod(Invoker.java:877)
                        	at org.testng.internal.Invoker.invokeTestMethods(Invoker.java:1201)
                        	at org.testng.internal.TestMethodWorker.invokeTestMethods(TestMethodWorker.java:125)
                        	at org.testng.internal.TestMethodWorker.run(TestMethodWorker.java:109)
                        	at org.testng.TestRunner.privateRun(TestRunner.java:776)
                        	at org.testng.TestRunner.run(TestRunner.java:634)
                        	at org.testng.SuiteRunner.runTest(SuiteRunner.java:425)
                        	at org.testng.SuiteRunner.runSequentially(SuiteRunner.java:420)
                        	at org.testng.SuiteRunner.privateRun(SuiteRunner.java:385)
                        	at org.testng.SuiteRunner.run(SuiteRunner.java:334)
                        	at org.testng.SuiteRunnerWorker.runSuite(SuiteRunnerWorker.java:52)
                        	at org.testng.SuiteRunnerWorker.run(SuiteRunnerWorker.java:86)
                        	at org.testng.TestNG.runSuitesSequentially(TestNG.java:1318)
                        	at org.testng.TestNG.runSuitesLocally(TestNG.java:1243)
                        	at org.testng.TestNG.runSuites(TestNG.java:1161)
                        	at org.testng.TestNG.run(TestNG.java:1129)
                        	at org.testng.remote.AbstractRemoteTestNG.run(AbstractRemoteTestNG.java:114)
                        	at org.testng.remote.RemoteTestNG.initAndRun(RemoteTestNG.java:251)
                        	at org.testng.remote.RemoteTestNG.main(RemoteTestNG.java:77)
                     </pre>
                  </div>
               </td>
            </tr>
            <tr id="nura.NewTest_Profile_byClass_FAIL5_row" class="testMethodStatusFAIL">
               <td width="100%" class="firstMethodCell">
                  <a onclick="toggleDetailsVisibility('nura.NewTest_Profile_byClass_FAIL5_details')">Profile()</a>
               </td>
               <td nowrap="true">16:55:55</td>
               <td nowrap="true" align="right">5s
                  
               </td>
               <td nowrap="true">
                  <a onclick="toggleDetailsVisibility('nura.NewTest_Profile_byClass_FAIL5_exception')">org.openqa.selenium.SessionNotCreatedException: 
                     Tried to run command without establishing a connection
                     Build info: version: '3.7.1', revision: '8a0099a', time: '2017-11-06T21:07:36.161Z'
                     System info: host: 'localhost.localdomain', ip: '127.0.0.1', os.name: 'Linux', os.arch: 'amd64', os.version: '4.13.12-200.fc26.x86_64',
                     java.version: '1.8.0_151'
                     Driver info: org.openqa.selenium.firefox.FirefoxDriver
                     Capabilities {acceptInsecureCerts: true, browserName: firefox, browserVersion: 56.0, javascriptEnabled: true, moz:accessibilityChecks:
                     false, moz:headless: false, moz:processID: 32380, moz:profile: /tmp/rust_mozprofile.OUQXJY..., pageLoadStrategy: normal, platform:
                     LINUX, platformName: LINUX, platformVersion: 4.13.12-200.fc26.x86_64, rotatable: false, specificationLevel: 0, timeouts: {implicit:
                     0, pageLoad: 300000, script: 30000}}
                     Session ID: a33bd165-a282-497d-b85e-c51496e9fdb5
                     *** Element info: {Using=xpath, value=//img[@alt='badge']}
                     
                  </a>
                   
                  
               </td>
            </tr>
            <tr>
               <td colspan="4" class="detailsBox">
                  <div id="nura.NewTest_Profile_byClass_FAIL5_details" class="testMethodDetails">
                     <div>
                        <b>Name: </b>Profile
                     </div>
                     <div>
                        <b>Signature: </b>Profile()[pri:5, instance:nura.NewTest@174d20a]
                     </div>
                     <div>
                        <b>Start time: </b>16:55:55
                     </div>
                     <div>
                        <b>End time: </b>16:56:00
                     </div>
                     <div>
                        <b>Duration: </b>5s
                        
                     </div>
                  </div>
               </td>
            </tr>
            <tr>
               <td colspan="4" class="detailsBox">
                  <div id="nura.NewTest_Profile_byClass_FAIL5_exception" class="testMethodDetails">
                     <pre style="padding: 5px; margin: 0;">org.openqa.selenium.SessionNotCreatedException: Tried to run command without establishing a connection
                        Build info: version: '3.7.1', revision: '8a0099a', time: '2017-11-06T21:07:36.161Z'
                        System info: host: 'localhost.localdomain', ip: '127.0.0.1', os.name: 'Linux', os.arch: 'amd64', os.version: '4.13.12-200.fc26.x86_64',
                        java.version: '1.8.0_151'
                        Driver info: org.openqa.selenium.firefox.FirefoxDriver
                        Capabilities {acceptInsecureCerts: true, browserName: firefox, browserVersion: 56.0, javascriptEnabled: true, moz:accessibilityChecks:
                        false, moz:headless: false, moz:processID: 32380, moz:profile: /tmp/rust_mozprofile.OUQXJY..., pageLoadStrategy: normal, platform:
                        LINUX, platformName: LINUX, platformVersion: 4.13.12-200.fc26.x86_64, rotatable: false, specificationLevel: 0, timeouts: {implicit:
                        0, pageLoad: 300000, script: 30000}}
                        Session ID: a33bd165-a282-497d-b85e-c51496e9fdb5
                        *** Element info: {Using=xpath, value=//img[@alt='badge']}
                        	at sun.reflect.NativeConstructorAccessorImpl.newInstance0(Native Method)
                        	at sun.reflect.NativeConstructorAccessorImpl.newInstance(NativeConstructorAccessorImpl.java:62)
                        	at sun.reflect.DelegatingConstructorAccessorImpl.newInstance(DelegatingConstructorAccessorImpl.java:45)
                        	at java.lang.reflect.Constructor.newInstance(Constructor.java:423)
                        	at org.openqa.selenium.remote.http.W3CHttpResponseCodec.createException(W3CHttpResponseCodec.java:187)
                        	at org.openqa.selenium.remote.http.W3CHttpResponseCodec.decode(W3CHttpResponseCodec.java:122)
                        	at org.openqa.selenium.remote.http.W3CHttpResponseCodec.decode(W3CHttpResponseCodec.java:49)
                        	at org.openqa.selenium.remote.HttpCommandExecutor.execute(HttpCommandExecutor.java:164)
                        	at org.openqa.selenium.remote.service.DriverCommandExecutor.execute(DriverCommandExecutor.java:83)
                        	at org.openqa.selenium.remote.RemoteWebDriver.execute(RemoteWebDriver.java:600)
                        	at org.openqa.selenium.remote.RemoteWebDriver.findElement(RemoteWebDriver.java:370)
                        	at org.openqa.selenium.remote.RemoteWebDriver.findElementByXPath(RemoteWebDriver.java:472)
                        	at org.openqa.selenium.By$ByXPath.findElement(By.java:361)
                        	at org.openqa.selenium.remote.RemoteWebDriver.findElement(RemoteWebDriver.java:362)
                        	at nura.NewTest.Profile(NewTest.java:216)
                        	at sun.reflect.NativeMethodAccessorImpl.invoke0(Native Method)
                        	at sun.reflect.NativeMethodAccessorImpl.invoke(NativeMethodAccessorImpl.java:62)
                        	at sun.reflect.DelegatingMethodAccessorImpl.invoke(DelegatingMethodAccessorImpl.java:43)
                        	at java.lang.reflect.Method.invoke(Method.java:498)
                        	at org.testng.internal.MethodInvocationHelper.invokeMethod(MethodInvocationHelper.java:108)
                        	at org.testng.internal.Invoker.invokeMethod(Invoker.java:669)
                        	at org.testng.internal.Invoker.invokeTestMethod(Invoker.java:877)
                        	at org.testng.internal.Invoker.invokeTestMethods(Invoker.java:1201)
                        	at org.testng.internal.TestMethodWorker.invokeTestMethods(TestMethodWorker.java:125)
                        	at org.testng.internal.TestMethodWorker.run(TestMethodWorker.java:109)
                        	at org.testng.TestRunner.privateRun(TestRunner.java:776)
                        	at org.testng.TestRunner.run(TestRunner.java:634)
                        	at org.testng.SuiteRunner.runTest(SuiteRunner.java:425)
                        	at org.testng.SuiteRunner.runSequentially(SuiteRunner.java:420)
                        	at org.testng.SuiteRunner.privateRun(SuiteRunner.java:385)
                        	at org.testng.SuiteRunner.run(SuiteRunner.java:334)
                        	at org.testng.SuiteRunnerWorker.runSuite(SuiteRunnerWorker.java:52)
                        	at org.testng.SuiteRunnerWorker.run(SuiteRunnerWorker.java:86)
                        	at org.testng.TestNG.runSuitesSequentially(TestNG.java:1318)
                        	at org.testng.TestNG.runSuitesLocally(TestNG.java:1243)
                        	at org.testng.TestNG.runSuites(TestNG.java:1161)
                        	at org.testng.TestNG.run(TestNG.java:1129)
                        	at org.testng.remote.AbstractRemoteTestNG.run(AbstractRemoteTestNG.java:114)
                        	at org.testng.remote.RemoteTestNG.initAndRun(RemoteTestNG.java:251)
                        	at org.testng.remote.RemoteTestNG.main(RemoteTestNG.java:77)
                     </pre>
                  </div>
               </td>
            </tr>
            <tr id="nura.NewTest_ChangePassword_byClass_FAIL6_row" class="testMethodStatusFAIL">
               <td width="100%" class="firstMethodCell">
                  <a onclick="toggleDetailsVisibility('nura.NewTest_ChangePassword_byClass_FAIL6_details')">ChangePassword()</a>
               </td>
               <td nowrap="true">16:56:00</td>
               <td nowrap="true" align="right">4 ms
                  
               </td>
               <td nowrap="true">
                  <a onclick="toggleDetailsVisibility('nura.NewTest_ChangePassword_byClass_FAIL6_exception')">org.openqa.selenium.SessionNotCreatedException: 
                     Tried to run command without establishing a connection
                     Build info: version: '3.7.1', revision: '8a0099a', time: '2017-11-06T21:07:36.161Z'
                     System info: host: 'localhost.localdomain', ip: '127.0.0.1', os.name: 'Linux', os.arch: 'amd64', os.version: '4.13.12-200.fc26.x86_64',
                     java.version: '1.8.0_151'
                     Driver info: org.openqa.selenium.firefox.FirefoxDriver
                     Capabilities {acceptInsecureCerts: true, browserName: firefox, browserVersion: 56.0, javascriptEnabled: true, moz:accessibilityChecks:
                     false, moz:headless: false, moz:processID: 32380, moz:profile: /tmp/rust_mozprofile.OUQXJY..., pageLoadStrategy: normal, platform:
                     LINUX, platformName: LINUX, platformVersion: 4.13.12-200.fc26.x86_64, rotatable: false, specificationLevel: 0, timeouts: {implicit:
                     0, pageLoad: 300000, script: 30000}}
                     Session ID: a33bd165-a282-497d-b85e-c51496e9fdb5
                     *** Element info: {Using=xpath, value=//img[@alt='badge']}
                     
                  </a>
                   
                  
               </td>
            </tr>
            <tr>
               <td colspan="4" class="detailsBox">
                  <div id="nura.NewTest_ChangePassword_byClass_FAIL6_details"
                       class="testMethodDetails">
                     <div>
                        <b>Name: </b>ChangePassword
                     </div>
                     <div>
                        <b>Signature: </b>ChangePassword()[pri:6, instance:nura.NewTest@174d20a]
                     </div>
                     <div>
                        <b>Start time: </b>16:56:00
                     </div>
                     <div>
                        <b>End time: </b>16:56:00
                     </div>
                     <div>
                        <b>Duration: </b>4 ms
                        
                     </div>
                  </div>
               </td>
            </tr>
            <tr>
               <td colspan="4" class="detailsBox">
                  <div id="nura.NewTest_ChangePassword_byClass_FAIL6_exception"
                       class="testMethodDetails">
                     <pre style="padding: 5px; margin: 0;">org.openqa.selenium.SessionNotCreatedException: Tried to run command without establishing a connection
                        Build info: version: '3.7.1', revision: '8a0099a', time: '2017-11-06T21:07:36.161Z'
                        System info: host: 'localhost.localdomain', ip: '127.0.0.1', os.name: 'Linux', os.arch: 'amd64', os.version: '4.13.12-200.fc26.x86_64',
                        java.version: '1.8.0_151'
                        Driver info: org.openqa.selenium.firefox.FirefoxDriver
                        Capabilities {acceptInsecureCerts: true, browserName: firefox, browserVersion: 56.0, javascriptEnabled: true, moz:accessibilityChecks:
                        false, moz:headless: false, moz:processID: 32380, moz:profile: /tmp/rust_mozprofile.OUQXJY..., pageLoadStrategy: normal, platform:
                        LINUX, platformName: LINUX, platformVersion: 4.13.12-200.fc26.x86_64, rotatable: false, specificationLevel: 0, timeouts: {implicit:
                        0, pageLoad: 300000, script: 30000}}
                        Session ID: a33bd165-a282-497d-b85e-c51496e9fdb5
                        *** Element info: {Using=xpath, value=//img[@alt='badge']}
                        	at sun.reflect.NativeConstructorAccessorImpl.newInstance0(Native Method)
                        	at sun.reflect.NativeConstructorAccessorImpl.newInstance(NativeConstructorAccessorImpl.java:62)
                        	at sun.reflect.DelegatingConstructorAccessorImpl.newInstance(DelegatingConstructorAccessorImpl.java:45)
                        	at java.lang.reflect.Constructor.newInstance(Constructor.java:423)
                        	at org.openqa.selenium.remote.http.W3CHttpResponseCodec.createException(W3CHttpResponseCodec.java:187)
                        	at org.openqa.selenium.remote.http.W3CHttpResponseCodec.decode(W3CHttpResponseCodec.java:122)
                        	at org.openqa.selenium.remote.http.W3CHttpResponseCodec.decode(W3CHttpResponseCodec.java:49)
                        	at org.openqa.selenium.remote.HttpCommandExecutor.execute(HttpCommandExecutor.java:164)
                        	at org.openqa.selenium.remote.service.DriverCommandExecutor.execute(DriverCommandExecutor.java:83)
                        	at org.openqa.selenium.remote.RemoteWebDriver.execute(RemoteWebDriver.java:600)
                        	at org.openqa.selenium.remote.RemoteWebDriver.findElement(RemoteWebDriver.java:370)
                        	at org.openqa.selenium.remote.RemoteWebDriver.findElementByXPath(RemoteWebDriver.java:472)
                        	at org.openqa.selenium.By$ByXPath.findElement(By.java:361)
                        	at org.openqa.selenium.remote.RemoteWebDriver.findElement(RemoteWebDriver.java:362)
                        	at nura.NewTest.ChangePassword(NewTest.java:248)
                        	at sun.reflect.NativeMethodAccessorImpl.invoke0(Native Method)
                        	at sun.reflect.NativeMethodAccessorImpl.invoke(NativeMethodAccessorImpl.java:62)
                        	at sun.reflect.DelegatingMethodAccessorImpl.invoke(DelegatingMethodAccessorImpl.java:43)
                        	at java.lang.reflect.Method.invoke(Method.java:498)
                        	at org.testng.internal.MethodInvocationHelper.invokeMethod(MethodInvocationHelper.java:108)
                        	at org.testng.internal.Invoker.invokeMethod(Invoker.java:669)
                        	at org.testng.internal.Invoker.invokeTestMethod(Invoker.java:877)
                        	at org.testng.internal.Invoker.invokeTestMethods(Invoker.java:1201)
                        	at org.testng.internal.TestMethodWorker.invokeTestMethods(TestMethodWorker.java:125)
                        	at org.testng.internal.TestMethodWorker.run(TestMethodWorker.java:109)
                        	at org.testng.TestRunner.privateRun(TestRunner.java:776)
                        	at org.testng.TestRunner.run(TestRunner.java:634)
                        	at org.testng.SuiteRunner.runTest(SuiteRunner.java:425)
                        	at org.testng.SuiteRunner.runSequentially(SuiteRunner.java:420)
                        	at org.testng.SuiteRunner.privateRun(SuiteRunner.java:385)
                        	at org.testng.SuiteRunner.run(SuiteRunner.java:334)
                        	at org.testng.SuiteRunnerWorker.runSuite(SuiteRunnerWorker.java:52)
                        	at org.testng.SuiteRunnerWorker.run(SuiteRunnerWorker.java:86)
                        	at org.testng.TestNG.runSuitesSequentially(TestNG.java:1318)
                        	at org.testng.TestNG.runSuitesLocally(TestNG.java:1243)
                        	at org.testng.TestNG.runSuites(TestNG.java:1161)
                        	at org.testng.TestNG.run(TestNG.java:1129)
                        	at org.testng.remote.AbstractRemoteTestNG.run(AbstractRemoteTestNG.java:114)
                        	at org.testng.remote.RemoteTestNG.initAndRun(RemoteTestNG.java:251)
                        	at org.testng.remote.RemoteTestNG.main(RemoteTestNG.java:77)
                     </pre>
                  </div>
               </td>
            </tr>
         </table>
         <br></br>
      </div>
      <div style="margin-top: 15px; color: gray; text-align: center; font-size: 9px;">
         Generated with
         
         <a href="http://code.google.com/p/testng-xslt/" style="color: #8888aa;"
            target="_blank">
            TestNG XSLT
            
         </a>
      </div>
   </body>
</html>