<?xml version="1.0" encoding="UTF-8"?>
<testng-results skipped="0" failed="0" ignored="0" total="1" passed="1">
  <reporter-output>
  </reporter-output>
  <suite name="Suite" duration-ms="32359" started-at="2018-03-10T10:31:19Z" finished-at="2018-03-10T10:31:52Z">
    <groups>
    </groups>
    <test name="Test" duration-ms="32359" started-at="2018-03-10T10:31:19Z" finished-at="2018-03-10T10:31:52Z">
      <class name="Work_area.Case_area">
        <test-method status="PASS" signature="beforeSuite()[pri:0, instance:Work_area.Case_area@1563da5]" name="beforeSuite" is-config="true" duration-ms="8" started-at="2018-03-10T10:31:19Z" finished-at="2018-03-10T10:31:19Z">
          <reporter-output>
          </reporter-output>
        </test-method> <!-- beforeSuite -->
        <test-method status="PASS" signature="beforeTest()[pri:0, instance:Work_area.Case_area@1563da5]" name="beforeTest" is-config="true" duration-ms="0" started-at="2018-03-10T10:31:19Z" finished-at="2018-03-10T10:31:19Z">
          <reporter-output>
          </reporter-output>
        </test-method> <!-- beforeTest -->
        <test-method status="PASS" signature="beforeClass()[pri:0, instance:Work_area.Case_area@1563da5]" name="beforeClass" is-config="true" duration-ms="0" started-at="2018-03-10T10:31:19Z" finished-at="2018-03-10T10:31:19Z">
          <reporter-output>
          </reporter-output>
        </test-method> <!-- beforeClass -->
        <test-method status="PASS" signature="beforeMethod()[pri:0, instance:Work_area.Case_area@1563da5]" name="beforeMethod" is-config="true" duration-ms="32334" started-at="2018-03-10T10:31:19Z" finished-at="2018-03-10T10:31:52Z">
          <reporter-output>
          </reporter-output>
        </test-method> <!-- beforeMethod -->
        <test-method status="PASS" signature="f()[pri:0, instance:Work_area.Case_area@1563da5]" name="f" duration-ms="9" started-at="2018-03-10T10:31:52Z" finished-at="2018-03-10T10:31:52Z">
          <reporter-output>
          </reporter-output>
        </test-method> <!-- f -->
        <test-method status="PASS" signature="afterMethod()[pri:0, instance:Work_area.Case_area@1563da5]" name="afterMethod" is-config="true" duration-ms="1" started-at="2018-03-10T10:31:52Z" finished-at="2018-03-10T10:31:52Z">
          <reporter-output>
          </reporter-output>
        </test-method> <!-- afterMethod -->
        <test-method status="PASS" signature="afterClass()[pri:0, instance:Work_area.Case_area@1563da5]" name="afterClass" is-config="true" duration-ms="0" started-at="2018-03-10T10:31:52Z" finished-at="2018-03-10T10:31:52Z">
          <reporter-output>
          </reporter-output>
        </test-method> <!-- afterClass -->
        <test-method status="PASS" signature="afterTest()[pri:0, instance:Work_area.Case_area@1563da5]" name="afterTest" is-config="true" duration-ms="0" started-at="2018-03-10T10:31:52Z" finished-at="2018-03-10T10:31:52Z">
          <reporter-output>
          </reporter-output>
        </test-method> <!-- afterTest -->
        <test-method status="PASS" signature="afterSuite()[pri:0, instance:Work_area.Case_area@1563da5]" name="afterSuite" is-config="true" duration-ms="0" started-at="2018-03-10T10:31:52Z" finished-at="2018-03-10T10:31:52Z">
          <reporter-output>
          </reporter-output>
        </test-method> <!-- afterSuite -->
      </class> <!-- Work_area.Case_area -->
    </test> <!-- Test -->
  </suite> <!-- Suite -->
</testng-results>
