<?xml version="1.0" encoding="UTF-8"?>
<testng-results skipped="0" failed="0" ignored="0" total="2" passed="2">
  <reporter-output>
  </reporter-output>
  <suite name="Default suite" duration-ms="15203" started-at="2017-12-08T05:31:23Z" finished-at="2017-12-08T05:31:38Z">
    <groups>
    </groups>
    <test name="Default test" duration-ms="15203" started-at="2017-12-08T05:31:23Z" finished-at="2017-12-08T05:31:38Z">
      <class name="userManagement.UserMangement">
        <test-method status="PASS" signature="openBrower()[pri:1, instance:userManagement.UserMangement@9629756]" name="openBrower" duration-ms="12866" started-at="2017-12-08T11:01:23Z" finished-at="2017-12-08T11:01:36Z">
          <reporter-output>
          </reporter-output>
        </test-method> <!-- openBrower -->
        <test-method status="PASS" signature="login()[pri:2, instance:userManagement.UserMangement@9629756]" name="login" duration-ms="2313" started-at="2017-12-08T11:01:36Z" finished-at="2017-12-08T11:01:38Z">
          <reporter-output>
          </reporter-output>
        </test-method> <!-- login -->
      </class> <!-- userManagement.UserMangement -->
    </test> <!-- Default test -->
  </suite> <!-- Default suite -->
</testng-results>
