<?xml version="1.0" encoding="UTF-8"?>
<!-- Generated by org.testng.reporters.JUnitXMLReporter -->
<testsuite hostname="localhost.localdomain" ignored="9" tests="0" failures="0" timestamp="27 Nov 2017 10:53:18 GMT" time="0.005" errors="0">
  <testcase name="droppable" time="0.0" classname="web.Web">
    <ignored/>
  </testcase> <!-- droppable -->
  <testcase name="Sortable" time="0.0" classname="web.Web">
    <ignored/>
  </testcase> <!-- Sortable -->
  <testcase name="Tooltip" time="0.0" classname="web.Web">
    <ignored/>
  </testcase> <!-- Tooltip -->
  <testcase name="frames" time="0.0" classname="web.Web">
    <ignored/>
  </testcase> <!-- frames -->
  <testcase name="Accordion" time="0.0" classname="web.Web">
    <ignored/>
  </testcase> <!-- Accordion -->
  <testcase name="slider" time="0.0" classname="web.Web">
    <ignored/>
  </testcase> <!-- slider -->
  <testcase name="Tabs" time="0.0" classname="web.Web">
    <ignored/>
  </testcase> <!-- Tabs -->
  <testcase name="signup" time="0.0" classname="web.Web">
    <ignored/>
  </testcase> <!-- signup -->
  <testcase name="Datepicker" time="0.0" classname="web.Web">
    <ignored/>
  </testcase> <!-- Datepicker -->
</testsuite>
